<?xml version="1.0" encoding="UTF-8"?>
<!-- Generated by org.testng.reporters.JUnitXMLReporter -->
<testsuite ignored="0" hostname="DESKTOP-D2KIIH1" failures="0" tests="5" name="RegressionTest" time="32.22" errors="0" timestamp="2022-02-11T18:45:00 CST">
  <testcase classname="com.salesforce.tests.LoginTest" name="CheckRememberMe_3" time="6.67"/>
  <testcase classname="com.salesforce.tests.LoginTest" name="ForgotPassword_4a" time="0.842"/>
  <testcase classname="com.salesforce.tests.LoginTest" name="ForgotPassword_4b" time="1.135"/>
  <testcase classname="com.salesforce.tests.LoginTest" name="LoginErrorMsg_1" time="0.643"/>
  <testcase classname="com.salesforce.tests.LoginTest" name="LoginToSalesforce_2" time="2.89"/>
</testsuite> <!-- RegressionTest -->
