<?xml version="1.0" encoding="UTF-8"?>
<!-- Generated by org.testng.reporters.JUnitXMLReporter -->
<testsuite ignored="0" hostname="DESKTOP-D2KIIH1" failures="0" tests="5" name="RegressionTest" time="29.572" errors="0" timestamp="2022-02-12T22:48:23 CST">
  <testcase classname="com.salesforce.tests.LoginTest" name="CheckRememberMe_3" time="7.343"/>
  <testcase classname="com.salesforce.tests.LoginTest" name="ForgotPassword_4a" time="1.871"/>
  <testcase classname="com.salesforce.tests.LoginTest" name="ForgotPassword_4b" time="0.765"/>
  <testcase classname="com.salesforce.tests.LoginTest" name="LoginErrorMsg_1" time="0.505"/>
  <testcase classname="com.salesforce.tests.LoginTest" name="LoginToSalesforce_2" time="2.107"/>
</testsuite> <!-- RegressionTest -->
