<?xml version="1.0" encoding="UTF-8"?>
<testng-results ignored="0" total="5" passed="5" failed="0" skipped="0">
  <reporter-output>
  </reporter-output>
  <suite started-at="2022-02-11T18:44:27 CST" name="SalesforceAutomation" finished-at="2022-02-11T18:45:00 CST" duration-ms="32220">
    <groups>
    </groups>
    <test started-at="2022-02-11T18:44:27 CST" name="RegressionTest" finished-at="2022-02-11T18:45:00 CST" duration-ms="32220">
      <class name="com.salesforce.tests.LoginTest">
        <test-method is-config="true" signature="setUp()[pri:0, instance:com.salesforce.tests.LoginTest@212bf671]" started-at="2022-02-11T18:44:27 CST" name="setUp" finished-at="2022-02-11T18:44:28 CST" duration-ms="113" status="PASS">
          <reporter-output>
          </reporter-output>
        </test-method> <!-- setUp -->
        <test-method is-config="true" signature="initialSetUp(java.lang.String,java.lang.reflect.Method)[pri:0, instance:com.salesforce.tests.LoginTest@212bf671]" started-at="2022-02-11T18:44:28 CST" name="initialSetUp" finished-at="2022-02-11T18:44:34 CST" duration-ms="6330" status="PASS">
          <params>
            <param index="0">
              <value>
                <![CDATA[chrome]]>
              </value>
            </param>
            <param index="1">
              <value>
                <![CDATA[public void com.salesforce.tests.LoginTest.CheckRememberMe_3()]]>
              </value>
            </param>
          </params>
          <reporter-output>
          </reporter-output>
        </test-method> <!-- initialSetUp -->
        <test-method signature="CheckRememberMe_3()[pri:0, instance:com.salesforce.tests.LoginTest@212bf671]" started-at="2022-02-11T18:44:34 CST" name="CheckRememberMe_3" finished-at="2022-02-11T18:44:41 CST" duration-ms="6670" status="PASS">
          <reporter-output>
          </reporter-output>
        </test-method> <!-- CheckRememberMe_3 -->
        <test-method is-config="true" signature="tearDown(org.testng.ITestResult)[pri:0, instance:com.salesforce.tests.LoginTest@212bf671]" started-at="2022-02-11T18:44:41 CST" name="tearDown" finished-at="2022-02-11T18:44:41 CST" duration-ms="676" status="PASS">
          <params>
            <param index="0">
              <value>
                <![CDATA[[TestResult name=CheckRememberMe_3 status=SUCCESS method=LoginTest.CheckRememberMe_3()[pri:0, instance:com.salesforce.tests.LoginTest@212bf671] output={null}]]]>
              </value>
            </param>
          </params>
          <reporter-output>
          </reporter-output>
        </test-method> <!-- tearDown -->
        <test-method is-config="true" signature="initialSetUp(java.lang.String,java.lang.reflect.Method)[pri:0, instance:com.salesforce.tests.LoginTest@212bf671]" started-at="2022-02-11T18:44:41 CST" name="initialSetUp" finished-at="2022-02-11T18:44:44 CST" duration-ms="2689" status="PASS">
          <params>
            <param index="0">
              <value>
                <![CDATA[chrome]]>
              </value>
            </param>
            <param index="1">
              <value>
                <![CDATA[public void com.salesforce.tests.LoginTest.ForgotPassword_4a()]]>
              </value>
            </param>
          </params>
          <reporter-output>
          </reporter-output>
        </test-method> <!-- initialSetUp -->
        <test-method signature="ForgotPassword_4a()[pri:0, instance:com.salesforce.tests.LoginTest@212bf671]" started-at="2022-02-11T18:44:44 CST" name="ForgotPassword_4a" finished-at="2022-02-11T18:44:45 CST" duration-ms="842" status="PASS">
          <reporter-output>
          </reporter-output>
        </test-method> <!-- ForgotPassword_4a -->
        <test-method is-config="true" signature="tearDown(org.testng.ITestResult)[pri:0, instance:com.salesforce.tests.LoginTest@212bf671]" started-at="2022-02-11T18:44:45 CST" name="tearDown" finished-at="2022-02-11T18:44:46 CST" duration-ms="729" status="PASS">
          <params>
            <param index="0">
              <value>
                <![CDATA[[TestResult name=ForgotPassword_4a status=SUCCESS method=LoginTest.ForgotPassword_4a()[pri:0, instance:com.salesforce.tests.LoginTest@212bf671] output={null}]]]>
              </value>
            </param>
          </params>
          <reporter-output>
          </reporter-output>
        </test-method> <!-- tearDown -->
        <test-method is-config="true" signature="initialSetUp(java.lang.String,java.lang.reflect.Method)[pri:0, instance:com.salesforce.tests.LoginTest@212bf671]" started-at="2022-02-11T18:44:46 CST" name="initialSetUp" finished-at="2022-02-11T18:44:48 CST" duration-ms="2559" status="PASS">
          <params>
            <param index="0">
              <value>
                <![CDATA[chrome]]>
              </value>
            </param>
            <param index="1">
              <value>
                <![CDATA[public void com.salesforce.tests.LoginTest.ForgotPassword_4b()]]>
              </value>
            </param>
          </params>
          <reporter-output>
          </reporter-output>
        </test-method> <!-- initialSetUp -->
        <test-method signature="ForgotPassword_4b()[pri:0, instance:com.salesforce.tests.LoginTest@212bf671]" started-at="2022-02-11T18:44:48 CST" name="ForgotPassword_4b" finished-at="2022-02-11T18:44:49 CST" duration-ms="1135" status="PASS">
          <reporter-output>
          </reporter-output>
        </test-method> <!-- ForgotPassword_4b -->
        <test-method is-config="true" signature="tearDown(org.testng.ITestResult)[pri:0, instance:com.salesforce.tests.LoginTest@212bf671]" started-at="2022-02-11T18:44:49 CST" name="tearDown" finished-at="2022-02-11T18:44:50 CST" duration-ms="666" status="PASS">
          <params>
            <param index="0">
              <value>
                <![CDATA[[TestResult name=ForgotPassword_4b status=SUCCESS method=LoginTest.ForgotPassword_4b()[pri:0, instance:com.salesforce.tests.LoginTest@212bf671] output={null}]]]>
              </value>
            </param>
          </params>
          <reporter-output>
          </reporter-output>
        </test-method> <!-- tearDown -->
        <test-method is-config="true" signature="initialSetUp(java.lang.String,java.lang.reflect.Method)[pri:0, instance:com.salesforce.tests.LoginTest@212bf671]" started-at="2022-02-11T18:44:50 CST" name="initialSetUp" finished-at="2022-02-11T18:44:52 CST" duration-ms="2268" status="PASS">
          <params>
            <param index="0">
              <value>
                <![CDATA[chrome]]>
              </value>
            </param>
            <param index="1">
              <value>
                <![CDATA[public void com.salesforce.tests.LoginTest.LoginErrorMsg_1()]]>
              </value>
            </param>
          </params>
          <reporter-output>
          </reporter-output>
        </test-method> <!-- initialSetUp -->
        <test-method signature="LoginErrorMsg_1()[pri:0, instance:com.salesforce.tests.LoginTest@212bf671]" started-at="2022-02-11T18:44:52 CST" name="LoginErrorMsg_1" finished-at="2022-02-11T18:44:53 CST" duration-ms="643" status="PASS">
          <reporter-output>
          </reporter-output>
        </test-method> <!-- LoginErrorMsg_1 -->
        <test-method is-config="true" signature="tearDown(org.testng.ITestResult)[pri:0, instance:com.salesforce.tests.LoginTest@212bf671]" started-at="2022-02-11T18:44:53 CST" name="tearDown" finished-at="2022-02-11T18:44:53 CST" duration-ms="669" status="PASS">
          <params>
            <param index="0">
              <value>
                <![CDATA[[TestResult name=LoginErrorMsg_1 status=SUCCESS method=LoginTest.LoginErrorMsg_1()[pri:0, instance:com.salesforce.tests.LoginTest@212bf671] output={null}]]]>
              </value>
            </param>
          </params>
          <reporter-output>
          </reporter-output>
        </test-method> <!-- tearDown -->
        <test-method is-config="true" signature="initialSetUp(java.lang.String,java.lang.reflect.Method)[pri:0, instance:com.salesforce.tests.LoginTest@212bf671]" started-at="2022-02-11T18:44:53 CST" name="initialSetUp" finished-at="2022-02-11T18:44:56 CST" duration-ms="2246" status="PASS">
          <params>
            <param index="0">
              <value>
                <![CDATA[chrome]]>
              </value>
            </param>
            <param index="1">
              <value>
                <![CDATA[public void com.salesforce.tests.LoginTest.LoginToSalesforce_2()]]>
              </value>
            </param>
          </params>
          <reporter-output>
          </reporter-output>
        </test-method> <!-- initialSetUp -->
        <test-method signature="LoginToSalesforce_2()[pri:0, instance:com.salesforce.tests.LoginTest@212bf671]" started-at="2022-02-11T18:44:56 CST" name="LoginToSalesforce_2" finished-at="2022-02-11T18:44:59 CST" duration-ms="2890" status="PASS">
          <reporter-output>
          </reporter-output>
        </test-method> <!-- LoginToSalesforce_2 -->
        <test-method is-config="true" signature="tearDown(org.testng.ITestResult)[pri:0, instance:com.salesforce.tests.LoginTest@212bf671]" started-at="2022-02-11T18:44:59 CST" name="tearDown" finished-at="2022-02-11T18:44:59 CST" duration-ms="639" status="PASS">
          <params>
            <param index="0">
              <value>
                <![CDATA[[TestResult name=LoginToSalesforce_2 status=SUCCESS method=LoginTest.LoginToSalesforce_2()[pri:0, instance:com.salesforce.tests.LoginTest@212bf671] output={null}]]]>
              </value>
            </param>
          </params>
          <reporter-output>
          </reporter-output>
        </test-method> <!-- tearDown -->
        <test-method is-config="true" signature="endUp()[pri:0, instance:com.salesforce.tests.LoginTest@212bf671]" started-at="2022-02-11T18:44:59 CST" name="endUp" finished-at="2022-02-11T18:45:00 CST" duration-ms="423" status="PASS">
          <reporter-output>
          </reporter-output>
        </test-method> <!-- endUp -->
      </class> <!-- com.salesforce.tests.LoginTest -->
    </test> <!-- RegressionTest -->
  </suite> <!-- SalesforceAutomation -->
</testng-results>
