<?xml version="1.0" encoding="UTF-8"?>
<testsuite xmlns:xsi="http://www.w3.org/2001/XMLSchema-instance" xsi:schemaLocation="https://maven.apache.org/surefire/maven-surefire-plugin/xsd/surefire-test-report.xsd" name="TestSuite" time="13.888" tests="5" errors="0" skipped="0" failures="5">
  <properties>
[...]
</properties>
  <testcase name="CheckRememberMe_3" classname="com.salesforce.tests.LoginTest" time="0.178">
    <failure type="java.lang.NullPointerException">java.lang.NullPointerException
	at com.salesforce.tests.LoginTest.CheckRememberMe_3(LoginTest.java:65)
</failure>
    <system-out><![CDATA[Property we got from the file is::jshree@tekarch.com
Property we got from the file is::december21
Before class executing
Before class ended
Starting the browser
Property we got from the file is::https://login.salesforce.com/
Text entered
]]></system-out>
    <system-err><![CDATA[SLF4J: Failed to load class "org.slf4j.impl.StaticLoggerBinder".
SLF4J: Defaulting to no-operation (NOP) logger implementation
SLF4J: See http://www.slf4j.org/codes.html#StaticLoggerBinder for further details.
Starting ChromeDriver 98.0.4758.102 (273bf7ac8c909cde36982d27f66f3c70846a3718-refs/branch-heads/4758@{#1151}) on port 6517
Only local connections are allowed.
Please see https://chromedriver.chromium.org/security-considerations for suggestions on keeping ChromeDriver safe.
ChromeDriver was started successfully.
Feb 19, 2022 1:50:20 PM org.openqa.selenium.remote.ProtocolHandshake createSession
INFO: Detected dialect: W3C
]]></system-err>
  </testcase>
  <testcase name="ForgotPassword_4a" classname="com.salesforce.tests.LoginTest" time="0.21">
    <failure type="java.lang.NullPointerException">java.lang.NullPointerException
	at com.salesforce.tests.LoginTest.ForgotPassword_4a(LoginTest.java:83)
</failure>
    <system-out><![CDATA[Starting the browser
Property we got from the file is::https://login.salesforce.com/
Text entered
]]></system-out>
    <system-err><![CDATA[Starting ChromeDriver 98.0.4758.102 (273bf7ac8c909cde36982d27f66f3c70846a3718-refs/branch-heads/4758@{#1151}) on port 57917
Only local connections are allowed.
Please see https://chromedriver.chromium.org/security-considerations for suggestions on keeping ChromeDriver safe.
ChromeDriver was started successfully.
Feb 19, 2022 1:50:22 PM org.openqa.selenium.remote.ProtocolHandshake createSession
INFO: Detected dialect: W3C
]]></system-err>
  </testcase>
  <testcase name="ForgotPassword_4b" classname="com.salesforce.tests.LoginTest" time="0.031">
    <failure type="java.lang.NullPointerException">java.lang.NullPointerException
	at com.salesforce.tests.LoginTest.ForgotPassword_4b(LoginTest.java:98)
</failure>
    <system-out><![CDATA[Starting the browser
Property we got from the file is::https://login.salesforce.com/
]]></system-out>
    <system-err><![CDATA[Starting ChromeDriver 98.0.4758.102 (273bf7ac8c909cde36982d27f66f3c70846a3718-refs/branch-heads/4758@{#1151}) on port 27794
Only local connections are allowed.
Please see https://chromedriver.chromium.org/security-considerations for suggestions on keeping ChromeDriver safe.
ChromeDriver was started successfully.
Feb 19, 2022 1:50:25 PM org.openqa.selenium.remote.ProtocolHandshake createSession
INFO: Detected dialect: W3C
]]></system-err>
  </testcase>
  <testcase name="LoginErrorMsg_1" classname="com.salesforce.tests.LoginTest" time="0.03">
    <failure type="java.lang.NullPointerException">java.lang.NullPointerException
	at com.salesforce.tests.LoginTest.LoginErrorMsg_1(LoginTest.java:26)
</failure>
    <system-out><![CDATA[Starting the browser
Property we got from the file is::https://login.salesforce.com/
]]></system-out>
    <system-err><![CDATA[Starting ChromeDriver 98.0.4758.102 (273bf7ac8c909cde36982d27f66f3c70846a3718-refs/branch-heads/4758@{#1151}) on port 41198
Only local connections are allowed.
Please see https://chromedriver.chromium.org/security-considerations for suggestions on keeping ChromeDriver safe.
ChromeDriver was started successfully.
Feb 19, 2022 1:50:28 PM org.openqa.selenium.remote.ProtocolHandshake createSession
INFO: Detected dialect: W3C
]]></system-err>
  </testcase>
  <testcase name="LoginToSalesforce_2" classname="com.salesforce.tests.LoginTest" time="0.028">
    <failure type="java.lang.NullPointerException">java.lang.NullPointerException
	at com.salesforce.tests.LoginTest.LoginToSalesforce_2(LoginTest.java:43)
</failure>
    <system-out><![CDATA[Starting the browser
Property we got from the file is::https://login.salesforce.com/
]]></system-out>
    <system-err><![CDATA[Starting ChromeDriver 98.0.4758.102 (273bf7ac8c909cde36982d27f66f3c70846a3718-refs/branch-heads/4758@{#1151}) on port 62118
Only local connections are allowed.
Please see https://chromedriver.chromium.org/security-considerations for suggestions on keeping ChromeDriver safe.
ChromeDriver was started successfully.
Feb 19, 2022 1:50:30 PM org.openqa.selenium.remote.ProtocolHandshake createSession
INFO: Detected dialect: W3C
]]></system-err>
  </testcase>
</testsuite>