<?xml version="1.0" encoding="UTF-8"?>
<testsuite xmlns:xsi="http://www.w3.org/2001/XMLSchema-instance" xsi:schemaLocation="https://maven.apache.org/surefire/maven-surefire-plugin/xsd/surefire-test-report.xsd" name="TestSuite" time="32.73" tests="5" errors="0" skipped="0" failures="0">
  <properties>
[...]
</properties>
  <testcase name="CheckRememberMe_3" classname="com.salesforce.tests.LoginTest" time="6.669"/>
  <testcase name="ForgotPassword_4a" classname="com.salesforce.tests.LoginTest" time="0.842"/>
  <testcase name="ForgotPassword_4b" classname="com.salesforce.tests.LoginTest" time="1.135"/>
  <testcase name="LoginErrorMsg_1" classname="com.salesforce.tests.LoginTest" time="0.643"/>
  <testcase name="LoginToSalesforce_2" classname="com.salesforce.tests.LoginTest" time="2.891"/>
</testsuite>